<?xml version="1.0" encoding="UTF-8"?>
<!-- Generated by org.testng.reporters.JUnitReportReporter -->
<testsuite skipped="0" hostname="AIPL-SEZ-LT-168" name="pom.testcases.TC_003" tests="1" failures="0" timestamp="19 Nov 2018 04:29:58 GMT" time="0.008" errors="1">
  <testcase name="nvspRegistration" time="0.008" classname="pom.testcases.TC_003">
    <error type="java.lang.NullPointerException">
      <![CDATA[java.lang.NullPointerException
at pom.pages.HomePage.mouseHoverOnMore(HomePage.java:39)
at pom.testcases.TC_003.nvspRegistration(TC_003.java:21)
at sun.reflect.NativeMethodAccessorImpl.invoke0(Native Method)
at sun.reflect.NativeMethodAccessorImpl.invoke(Unknown Source)
at sun.reflect.DelegatingMethodAccessorImpl.invoke(Unknown Source)
at java.lang.reflect.Method.invoke(Unknown Source)
at org.testng.internal.MethodInvocationHelper.invokeMethod(MethodInvocationHelper.java:124)
at org.testng.internal.Invoker.invokeMethod(Invoker.java:580)
at org.testng.internal.Invoker.invokeTestMethod(Invoker.java:716)
at org.testng.internal.Invoker.invokeTestMethods(Invoker.java:988)
at org.testng.internal.TestMethodWorker.invokeTestMethods(TestMethodWorker.java:125)
at org.testng.internal.TestMethodWorker.run(TestMethodWorker.java:109)
at java.util.concurrent.ThreadPoolExecutor.runWorker(Unknown Source)
at java.util.concurrent.ThreadPoolExecutor$Worker.run(Unknown Source)
at java.lang.Thread.run(Unknown Source)
]]>
    </error>
  </testcase> <!-- nvspRegistration -->
</testsuite> <!-- pom.testcases.TC_003 -->
